<?xml version="1.0" encoding="UTF-8"?>
<testsuite xmlns:xsi="http://www.w3.org/2001/XMLSchema-instance" xsi:noNamespaceSchemaLocation="https://maven.apache.org/surefire/maven-surefire-plugin/xsd/surefire-test-report.xsd" version="3.0.2" name="TaskServiceStatusTest" time="0.018" tests="4" errors="0" skipped="0" failures="0">
  <properties>
[...]
</properties>
  <testcase name="markTaskStatus_doesNothingWhenIdDoesNotExist" classname="TaskServiceStatusTest" time="0.005">
    <system-out><![CDATA[Task added successfully (ID: 1)
Error: task with ID 99 not found.
]]></system-out>
  </testcase>
  <testcase name="markTaskDone_updatesStatus" classname="TaskServiceStatusTest" time="0.004">
    <system-out><![CDATA[Task added successfully (ID: 1)
Task status updated successfully (ID: 1)
]]></system-out>
  </testcase>
  <testcase name="markTaskStatus_keepsDescriptionAndCreatedAt" classname="TaskServiceStatusTest" time="0.005">
    <system-out><![CDATA[Task added successfully (ID: 1)
Task status updated successfully (ID: 1)
]]></system-out>
  </testcase>
  <testcase name="markTaskInProgress_updatesStatus" classname="TaskServiceStatusTest" time="0.004">
    <system-out><![CDATA[Task added successfully (ID: 1)
Task status updated successfully (ID: 1)
]]></system-out>
  </testcase>
</testsuite>